<?xml version="1.0" encoding="UTF-8"?>
<testng-results skipped="0" failed="1" ignored="0" total="5" passed="4">
  <reporter-output>
  </reporter-output>
  <suite name="Default suite" duration-ms="91594" started-at="2019-10-21T06:10:55 EDT" finished-at="2019-10-21T06:12:27 EDT">
    <groups>
    </groups>
    <test name="Default test" duration-ms="91594" started-at="2019-10-21T06:10:55 EDT" finished-at="2019-10-21T06:12:27 EDT">
      <class name="com.training.regression.tests.RETC_079_AddFeatureExcelTest">
        <test-method status="PASS" signature="setUpBeforeClass()[pri:0, instance:com.training.regression.tests.RETC_079_AddFeatureExcelTest@1dfe2924]" name="setUpBeforeClass" is-config="true" duration-ms="10691" started-at="2019-10-21T06:10:55 EDT" finished-at="2019-10-21T06:11:06 EDT">
          <reporter-output>
          </reporter-output>
        </test-method> <!-- setUpBeforeClass -->
        <test-method status="PASS" signature="adminLogin()[pri:0, instance:com.training.regression.tests.RETC_079_AddFeatureExcelTest@1dfe2924]" name="adminLogin" duration-ms="6849" started-at="2019-10-21T06:11:06 EDT" finished-at="2019-10-21T06:11:13 EDT">
          <reporter-output>
          </reporter-output>
        </test-method> <!-- adminLogin -->
        <test-method status="FAIL" signature="loginDBTest(java.lang.String, java.lang.String, java.lang.String, java.lang.String)[pri:1, instance:com.training.regression.tests.RETC_079_AddFeatureExcelTest@1dfe2924]" name="loginDBTest" duration-ms="33259" started-at="2019-10-21T06:11:14 EDT" data-provider="excel-inputs" finished-at="2019-10-21T06:11:47 EDT">
          <params>
            <param index="0">
              <value>
                <![CDATA[Name]]>
              </value>
            </param>
            <param index="1">
              <value>
                <![CDATA[Slug]]>
              </value>
            </param>
            <param index="2">
              <value>
                <![CDATA[ParentFeature]]>
              </value>
            </param>
            <param index="3">
              <value>
                <![CDATA[Description]]>
              </value>
            </param>
          </params>
          <exception class="org.openqa.selenium.NoSuchElementException">
            <message>
              <![CDATA[Cannot locate element with text: ParentFeature
For documentation on this error, please visit: https://www.seleniumhq.org/exceptions/no_such_element.html
Build info: version: '3.141.59', revision: 'e82be7d358', time: '2018-11-14T08:17:03'
System info: host: 'DESKTOP-QNMGL77', ip: '9.85.174.88', os.name: 'Windows 10', os.arch: 'amd64', os.version: '10.0', java.version: '1.8.0_221'
Driver info: driver.version: unknown]]>
            </message>
            <full-stacktrace>
              <![CDATA[org.openqa.selenium.NoSuchElementException: Cannot locate element with text: ParentFeature
For documentation on this error, please visit: https://www.seleniumhq.org/exceptions/no_such_element.html
Build info: version: '3.141.59', revision: 'e82be7d358', time: '2018-11-14T08:17:03'
System info: host: 'DESKTOP-QNMGL77', ip: '9.85.174.88', os.name: 'Windows 10', os.arch: 'amd64', os.version: '10.0', java.version: '1.8.0_221'
Driver info: driver.version: unknown
at org.openqa.selenium.support.ui.Select.selectByVisibleText(Select.java:147)
at com.training.pom.RETC_079_AddNewFeaturePOM.SelectParentFeature(RETC_079_AddNewFeaturePOM.java:68)
at com.training.regression.tests.RETC_079_AddFeatureExcelTest.loginDBTest(RETC_079_AddFeatureExcelTest.java:73)
at sun.reflect.NativeMethodAccessorImpl.invoke0(Native Method)
at sun.reflect.NativeMethodAccessorImpl.invoke(Unknown Source)
at sun.reflect.DelegatingMethodAccessorImpl.invoke(Unknown Source)
at java.lang.reflect.Method.invoke(Unknown Source)
at org.testng.internal.MethodInvocationHelper.invokeMethod(MethodInvocationHelper.java:133)
at org.testng.internal.TestInvoker.invokeMethod(TestInvoker.java:584)
at org.testng.internal.TestInvoker.invokeTestMethod(TestInvoker.java:172)
at org.testng.internal.MethodRunner.runInSequence(MethodRunner.java:46)
at org.testng.internal.TestInvoker$MethodInvocationAgent.invoke(TestInvoker.java:804)
at org.testng.internal.TestInvoker.invokeTestMethods(TestInvoker.java:145)
at org.testng.internal.TestMethodWorker.invokeTestMethods(TestMethodWorker.java:146)
at org.testng.internal.TestMethodWorker.run(TestMethodWorker.java:128)
at java.util.ArrayList.forEach(Unknown Source)
at org.testng.TestRunner.privateRun(TestRunner.java:770)
at org.testng.TestRunner.run(TestRunner.java:591)
at org.testng.SuiteRunner.runTest(SuiteRunner.java:402)
at org.testng.SuiteRunner.runSequentially(SuiteRunner.java:396)
at org.testng.SuiteRunner.privateRun(SuiteRunner.java:355)
at org.testng.SuiteRunner.run(SuiteRunner.java:304)
at org.testng.SuiteRunnerWorker.runSuite(SuiteRunnerWorker.java:53)
at org.testng.SuiteRunnerWorker.run(SuiteRunnerWorker.java:96)
at org.testng.TestNG.runSuitesSequentially(TestNG.java:1180)
at org.testng.TestNG.runSuitesLocally(TestNG.java:1102)
at org.testng.TestNG.runSuites(TestNG.java:1032)
at org.testng.TestNG.run(TestNG.java:1000)
at org.testng.remote.AbstractRemoteTestNG.run(AbstractRemoteTestNG.java:115)
at org.testng.remote.RemoteTestNG.initAndRun(RemoteTestNG.java:251)
at org.testng.remote.RemoteTestNG.main(RemoteTestNG.java:77)
]]>
            </full-stacktrace>
          </exception> <!-- org.openqa.selenium.NoSuchElementException -->
          <reporter-output>
          </reporter-output>
        </test-method> <!-- loginDBTest -->
        <test-method status="PASS" signature="loginDBTest(java.lang.String, java.lang.String, java.lang.String, java.lang.String)[pri:1, instance:com.training.regression.tests.RETC_079_AddFeatureExcelTest@1dfe2924]" name="loginDBTest" duration-ms="13387" started-at="2019-10-21T06:11:47 EDT" data-provider="excel-inputs" finished-at="2019-10-21T06:12:00 EDT">
          <params>
            <param index="0">
              <value>
                <![CDATA[New Launches]]>
              </value>
            </param>
            <param index="1">
              <value>
                <![CDATA[launch]]>
              </value>
            </param>
            <param index="2">
              <value>
                <![CDATA[best]]>
              </value>
            </param>
            <param index="3">
              <value>
                <![CDATA[New Launches of vilas, apartments, flats]]>
              </value>
            </param>
          </params>
          <reporter-output>
          </reporter-output>
        </test-method> <!-- loginDBTest -->
        <test-method status="PASS" signature="loginDBTest(java.lang.String, java.lang.String, java.lang.String, java.lang.String)[pri:1, instance:com.training.regression.tests.RETC_079_AddFeatureExcelTest@1dfe2924]" name="loginDBTest" duration-ms="13399" started-at="2019-10-21T06:12:00 EDT" data-provider="excel-inputs" finished-at="2019-10-21T06:12:14 EDT">
          <params>
            <param index="0">
              <value>
                <![CDATA[Mana Apartments]]>
              </value>
            </param>
            <param index="1">
              <value>
                <![CDATA[launch]]>
              </value>
            </param>
            <param index="2">
              <value>
                <![CDATA[Best1]]>
              </value>
            </param>
            <param index="3">
              <value>
                <![CDATA[New Launches of vilas, apartments, flats]]>
              </value>
            </param>
          </params>
          <reporter-output>
          </reporter-output>
        </test-method> <!-- loginDBTest -->
        <test-method status="PASS" signature="loginDBTest(java.lang.String, java.lang.String, java.lang.String, java.lang.String)[pri:1, instance:com.training.regression.tests.RETC_079_AddFeatureExcelTest@1dfe2924]" name="loginDBTest" duration-ms="13165" started-at="2019-10-21T06:12:14 EDT" data-provider="excel-inputs" finished-at="2019-10-21T06:12:27 EDT">
          <params>
            <param index="0">
              <value>
                <![CDATA[Brigade Apartments]]>
              </value>
            </param>
            <param index="1">
              <value>
                <![CDATA[post sale]]>
              </value>
            </param>
            <param index="2">
              <value>
                <![CDATA[Exiting Offer]]>
              </value>
            </param>
            <param index="3">
              <value>
                <![CDATA[New flats for sale]]>
              </value>
            </param>
          </params>
          <reporter-output>
          </reporter-output>
        </test-method> <!-- loginDBTest -->
      </class> <!-- com.training.regression.tests.RETC_079_AddFeatureExcelTest -->
    </test> <!-- Default test -->
  </suite> <!-- Default suite -->
</testng-results>
